This is pdfTeX, Version 3.141592653-2.6-1.40.24 (MiKTeX 22.10) (preloaded format=pdflatex 2023.3.22)  27 MAR 2023 11:52
entering extended mode
 restricted \write18 enabled.
 %&-line parsing enabled.
**./POOCursoEmVideo.tex
(POOCursoEmVideo.tex
LaTeX2e <2022-06-01> patch level 5
L3 programming layer <2022-09-28>
(C:\Users\traia\AppData\Local\Programs\MiKTeX\tex/latex/base\article.cls
Document Class: article 2021/10/04 v1.4n Standard LaTeX document class
(C:\Users\traia\AppData\Local\Programs\MiKTeX\tex/latex/base\size12.clo
File: size12.clo 2021/10/04 v1.4n Standard LaTeX file (size option)
)
\c@part=\count185
\c@section=\count186
\c@subsection=\count187
\c@subsubsection=\count188
\c@paragraph=\count189
\c@subparagraph=\count190
\c@figure=\count191
\c@table=\count192
\abovecaptionskip=\skip47
\belowcaptionskip=\skip48
\bibindent=\dimen138
)
(C:\Users\traia\AppData\Local\Programs\MiKTeX\tex/latex/l3backend\l3backend-pdf
tex.def
File: l3backend-pdftex.def 2022-09-28 L3 backend support: PDF output (pdfTeX)
\l__color_backend_stack_int=\count193
\l__pdf_internal_box=\box51
) (POOCursoEmVideo.aux)
\openout1 = `POOCursoEmVideo.aux'.

LaTeX Font Info:    Checking defaults for OML/cmm/m/it on input line 4.
LaTeX Font Info:    ... okay on input line 4.
LaTeX Font Info:    Checking defaults for OMS/cmsy/m/n on input line 4.
LaTeX Font Info:    ... okay on input line 4.
LaTeX Font Info:    Checking defaults for OT1/cmr/m/n on input line 4.
LaTeX Font Info:    ... okay on input line 4.
LaTeX Font Info:    Checking defaults for T1/cmr/m/n on input line 4.
LaTeX Font Info:    ... okay on input line 4.
LaTeX Font Info:    Checking defaults for TS1/cmr/m/n on input line 4.
LaTeX Font Info:    ... okay on input line 4.
LaTeX Font Info:    Checking defaults for OMX/cmex/m/n on input line 4.
LaTeX Font Info:    ... okay on input line 4.
LaTeX Font Info:    Checking defaults for U/cmr/m/n on input line 4.
LaTeX Font Info:    ... okay on input line 4.
LaTeX Font Info:    External font `cmex10' loaded for size
(Font)              <14.4> on input line 5.
LaTeX Font Info:    External font `cmex10' loaded for size
(Font)              <7> on input line 5.
 [1

{C:/Users/traia/AppData/Local/MiKTeX/fonts/map/pdftex/pdftex.map}] [2] (POOCurs
oEmVideo.aux) ) 
Here is how much of TeX's memory you used:
 443 strings out of 475385
 8711 string characters out of 2776907
 352788 words of memory out of 3000000
 21901 multiletter control sequences out of 15000+600000
 472326 words of font info for 38 fonts, out of 8000000 for 9000
 1141 hyphenation exceptions out of 8191
 33i,6n,38p,170b,193s stack positions out of 10000i,1000n,20000p,200000b,80000s
 <C:\Users\traia\AppData\Local\MiKTeX\fonts/pk/ljfour/jknappen/e
c/dpi600\tcrm1200.pk><C:/Users/traia/AppData/Local/Programs/MiKTeX/fonts/type1/
public/amsfonts/cm/cmbx12.pfb><C:/Users/traia/AppData/Local/Programs/MiKTeX/fon
ts/type1/public/amsfonts/cm/cmr12.pfb><C:/Users/traia/AppData/Local/Programs/Mi
KTeX/fonts/type1/public/amsfonts/cm/cmr17.pfb>
Output written on POOCursoEmVideo.pdf (2 pages, 46671 bytes).
PDF statistics:
 29 PDF objects out of 1000 (max. 8388607)
 0 named destinations out of 1000 (max. 500000)
 1 words of extra memory for PDF output out of 10000 (max. 10000000)

